<?xml version="1.0" encoding="utf-8"?>
<!DOCTYPE coverage SYSTEM "http://cobertura.sourceforge.net/xml/coverage-04.dtd">
<coverage line-rate="1" branch-rate="1" lines-covered="118" lines-valid="118" branches-covered="20" branches-valid="20" complexity="21" version="0" timestamp="1645803261">
  <sources />
  <packages>
    <package name="IntertecCounterChallenge" line-rate="1" branch-rate="1" complexity="17">
      <classes>
        <class name="IntertecCounterChallenge.Model.SentenceParser" filename="C:\Users\Alex Castillo\source\repos\IntertecCounterChallenge\IntertecCounterChallenge\Model\SentenceParser.cs" line-rate="1" branch-rate="1" complexity="1">
          <methods>
            <method name=".ctor" signature="()" line-rate="1" branch-rate="1" complexity="1">
              <lines>
                <line number="17" hits="3" branch="false" />
                <line number="18" hits="3" branch="false" />
                <line number="19" hits="3" branch="false" />
                <line number="20" hits="3" branch="false" />
              </lines>
            </method>
            <method name="WordParser" signature="(System.String)" line-rate="1" branch-rate="1" complexity="NaN">
              <lines>
                <line number="28" hits="2" branch="false" />
                <line number="30" hits="2" branch="false" />
                <line number="31" hits="2" branch="false" />
                <line number="32" hits="2" branch="false" />
                <line number="36" hits="24" branch="false" />
                <line number="37" hits="9" branch="false" />
                <line number="38" hits="9" branch="true" condition-coverage="100% (4/4)" />
                <line number="39" hits="1" branch="false" />
                <line number="41" hits="1" branch="false" />
                <line number="42" hits="1" branch="false" />
                <line number="43" hits="8" branch="true" condition-coverage="100% (2/2)" />
                <line number="44" hits="1" branch="false" />
                <line number="46" hits="1" branch="false" />
                <line number="47" hits="1" branch="false" />
                <line number="49" hits="7" branch="false" />
                <line number="51" hits="7" branch="false" />
                <line number="52" hits="7" branch="false" />
                <line number="53" hits="7" branch="false" />
                <line number="55" hits="9" branch="false" />
                <line number="56" hits="9" branch="false" />
                <line number="59" hits="2" branch="false" />
                <line number="60" hits="2" branch="false" />
              </lines>
            </method>
            <method name="ParseWordBySpecialCharacter" signature="(System.String)" line-rate="1" branch-rate="1" complexity="NaN">
              <lines>
                <line number="68" hits="7" branch="false" />
                <line number="70" hits="7" branch="false" />
                <line number="71" hits="7" branch="false" />
                <line number="72" hits="7" branch="false" />
                <line number="73" hits="7" branch="false" />
                <line number="76" hits="7" branch="false" />
                <line number="79" hits="57" branch="true" condition-coverage="100% (2/2)" />
                <line number="80" hits="50" branch="false" />
                <line number="81" hits="50" branch="true" condition-coverage="100% (2/2)" />
                <line number="82" hits="7" branch="false" />
                <line number="84" hits="7" branch="false" />
                <line number="85" hits="7" branch="false" />
                <line number="86" hits="7" branch="false" />
                <line number="87" hits="50" branch="false" />
                <line number="88" hits="50" branch="false" />
                <line number="90" hits="7" branch="false" />
                <line number="92" hits="49" branch="false" />
                <line number="93" hits="14" branch="false" />
                <line number="94" hits="14" branch="true" condition-coverage="100% (2/2)" />
                <line number="95" hits="3" branch="false" />
                <line number="97" hits="3" branch="false" />
                <line number="98" hits="3" branch="false" />
                <line number="100" hits="11" branch="false" />
                <line number="101" hits="11" branch="true" condition-coverage="100% (4/4)" />
                <line number="102" hits="1" branch="false" />
                <line number="104" hits="1" branch="false" />
                <line number="105" hits="1" branch="false" />
                <line number="107" hits="10" branch="false" />
                <line number="109" hits="10" branch="false" />
                <line number="110" hits="10" branch="false" />
                <line number="111" hits="10" branch="false" />
                <line number="112" hits="11" branch="false" />
                <line number="114" hits="14" branch="true" condition-coverage="100% (2/2)" />
                <line number="115" hits="7" branch="false" />
                <line number="116" hits="7" branch="false" />
                <line number="117" hits="7" branch="false" />
                <line number="118" hits="7" branch="false" />
                <line number="119" hits="14" branch="false" />
                <line number="121" hits="7" branch="false" />
                <line number="122" hits="7" branch="false" />
              </lines>
            </method>
            <method name="DistinctLetters" signature="(System.Char[])" line-rate="1" branch-rate="1" complexity="NaN">
              <lines>
                <line number="130" hits="19" branch="false" />
                <line number="132" hits="19" branch="false" />
                <line number="133" hits="19" branch="false" />
                <line number="134" hits="19" branch="false" />
                <line number="137" hits="163" branch="false" />
                <line number="138" hits="53" branch="false" />
                <line number="140" hits="146" branch="true" condition-coverage="100% (2/2)" />
                <line number="141" hits="46" branch="false" />
                <line number="143" hits="46" branch="false" />
                <line number="144" hits="46" branch="false" />
                <line number="145" hits="46" branch="false" />
                <line number="146" hits="53" branch="false" />
                <line number="149" hits="19" branch="false" />
                <line number="152" hits="19" branch="false" />
                <line number="153" hits="19" branch="false" />
              </lines>
            </method>
          </methods>
          <lines>
            <line number="17" hits="3" branch="false" />
            <line number="18" hits="3" branch="false" />
            <line number="19" hits="3" branch="false" />
            <line number="20" hits="3" branch="false" />
            <line number="28" hits="2" branch="false" />
            <line number="30" hits="2" branch="false" />
            <line number="31" hits="2" branch="false" />
            <line number="32" hits="2" branch="false" />
            <line number="36" hits="24" branch="false" />
            <line number="37" hits="9" branch="false" />
            <line number="38" hits="9" branch="true" condition-coverage="100% (4/4)" />
            <line number="39" hits="1" branch="false" />
            <line number="41" hits="1" branch="false" />
            <line number="42" hits="1" branch="false" />
            <line number="43" hits="8" branch="true" condition-coverage="100% (2/2)" />
            <line number="44" hits="1" branch="false" />
            <line number="46" hits="1" branch="false" />
            <line number="47" hits="1" branch="false" />
            <line number="49" hits="7" branch="false" />
            <line number="51" hits="7" branch="false" />
            <line number="52" hits="7" branch="false" />
            <line number="53" hits="7" branch="false" />
            <line number="55" hits="9" branch="false" />
            <line number="56" hits="9" branch="false" />
            <line number="59" hits="2" branch="false" />
            <line number="60" hits="2" branch="false" />
            <line number="68" hits="7" branch="false" />
            <line number="70" hits="7" branch="false" />
            <line number="71" hits="7" branch="false" />
            <line number="72" hits="7" branch="false" />
            <line number="73" hits="7" branch="false" />
            <line number="76" hits="7" branch="false" />
            <line number="79" hits="57" branch="true" condition-coverage="100% (2/2)" />
            <line number="80" hits="50" branch="false" />
            <line number="81" hits="50" branch="true" condition-coverage="100% (2/2)" />
            <line number="82" hits="7" branch="false" />
            <line number="84" hits="7" branch="false" />
            <line number="85" hits="7" branch="false" />
            <line number="86" hits="7" branch="false" />
            <line number="87" hits="50" branch="false" />
            <line number="88" hits="50" branch="false" />
            <line number="90" hits="7" branch="false" />
            <line number="92" hits="49" branch="false" />
            <line number="93" hits="14" branch="false" />
            <line number="94" hits="14" branch="true" condition-coverage="100% (2/2)" />
            <line number="95" hits="3" branch="false" />
            <line number="97" hits="3" branch="false" />
            <line number="98" hits="3" branch="false" />
            <line number="100" hits="11" branch="false" />
            <line number="101" hits="11" branch="true" condition-coverage="100% (4/4)" />
            <line number="102" hits="1" branch="false" />
            <line number="104" hits="1" branch="false" />
            <line number="105" hits="1" branch="false" />
            <line number="107" hits="10" branch="false" />
            <line number="109" hits="10" branch="false" />
            <line number="110" hits="10" branch="false" />
            <line number="111" hits="10" branch="false" />
            <line number="112" hits="11" branch="false" />
            <line number="114" hits="14" branch="true" condition-coverage="100% (2/2)" />
            <line number="115" hits="7" branch="false" />
            <line number="116" hits="7" branch="false" />
            <line number="117" hits="7" branch="false" />
            <line number="118" hits="7" branch="false" />
            <line number="119" hits="14" branch="false" />
            <line number="121" hits="7" branch="false" />
            <line number="122" hits="7" branch="false" />
            <line number="130" hits="19" branch="false" />
            <line number="132" hits="19" branch="false" />
            <line number="133" hits="19" branch="false" />
            <line number="134" hits="19" branch="false" />
            <line number="137" hits="163" branch="false" />
            <line number="138" hits="53" branch="false" />
            <line number="140" hits="146" branch="true" condition-coverage="100% (2/2)" />
            <line number="141" hits="46" branch="false" />
            <line number="143" hits="46" branch="false" />
            <line number="144" hits="46" branch="false" />
            <line number="145" hits="46" branch="false" />
            <line number="146" hits="53" branch="false" />
            <line number="149" hits="19" branch="false" />
            <line number="152" hits="19" branch="false" />
            <line number="153" hits="19" branch="false" />
          </lines>
        </class>
      </classes>
    </package>
    <package name="IntertecCounterChallenge.Test" line-rate="1" branch-rate="1" complexity="4">
      <classes>
        <class name="IntertecCounterChallenge.Test.SentenceParserTest" filename="C:\Users\Alex Castillo\source\repos\IntertecCounterChallenge\IntertecCounterChallenge.Test\SentenceParserTest.cs" line-rate="1" branch-rate="1" complexity="4">
          <methods>
            <method name=".ctor" signature="()" line-rate="1" branch-rate="1" complexity="1">
              <lines>
                <line number="14" hits="3" branch="false" />
                <line number="15" hits="3" branch="false" />
                <line number="16" hits="3" branch="false" />
                <line number="17" hits="3" branch="false" />
              </lines>
            </method>
            <method name="ParseWordBySpecialCharacter_Test" signature="()" line-rate="1" branch-rate="1" complexity="1">
              <lines>
                <line number="21" hits="1" branch="false" />
                <line number="22" hits="1" branch="false" />
                <line number="23" hits="1" branch="false" />
                <line number="27" hits="1" branch="false" />
                <line number="28" hits="1" branch="false" />
                <line number="29" hits="1" branch="false" />
                <line number="32" hits="1" branch="false" />
                <line number="33" hits="1" branch="false" />
                <line number="34" hits="1" branch="false" />
                <line number="38" hits="1" branch="false" />
                <line number="39" hits="1" branch="false" />
                <line number="40" hits="1" branch="false" />
                <line number="41" hits="1" branch="false" />
              </lines>
            </method>
            <method name="DistinctLetters_Test" signature="()" line-rate="1" branch-rate="1" complexity="1">
              <lines>
                <line number="45" hits="1" branch="false" />
                <line number="46" hits="1" branch="false" />
                <line number="47" hits="1" branch="false" />
                <line number="50" hits="1" branch="false" />
                <line number="51" hits="1" branch="false" />
                <line number="52" hits="1" branch="false" />
                <line number="56" hits="1" branch="false" />
                <line number="57" hits="1" branch="false" />
                <line number="58" hits="1" branch="false" />
                <line number="59" hits="1" branch="false" />
              </lines>
            </method>
            <method name="WordParser_Test" signature="()" line-rate="1" branch-rate="1" complexity="1">
              <lines>
                <line number="63" hits="1" branch="false" />
                <line number="64" hits="1" branch="false" />
                <line number="65" hits="1" branch="false" />
                <line number="68" hits="1" branch="false" />
                <line number="69" hits="1" branch="false" />
                <line number="70" hits="1" branch="false" />
                <line number="74" hits="1" branch="false" />
                <line number="75" hits="1" branch="false" />
                <line number="76" hits="1" branch="false" />
                <line number="77" hits="1" branch="false" />
              </lines>
            </method>
          </methods>
          <lines>
            <line number="14" hits="3" branch="false" />
            <line number="15" hits="3" branch="false" />
            <line number="16" hits="3" branch="false" />
            <line number="17" hits="3" branch="false" />
            <line number="21" hits="1" branch="false" />
            <line number="22" hits="1" branch="false" />
            <line number="23" hits="1" branch="false" />
            <line number="27" hits="1" branch="false" />
            <line number="28" hits="1" branch="false" />
            <line number="29" hits="1" branch="false" />
            <line number="32" hits="1" branch="false" />
            <line number="33" hits="1" branch="false" />
            <line number="34" hits="1" branch="false" />
            <line number="38" hits="1" branch="false" />
            <line number="39" hits="1" branch="false" />
            <line number="40" hits="1" branch="false" />
            <line number="41" hits="1" branch="false" />
            <line number="45" hits="1" branch="false" />
            <line number="46" hits="1" branch="false" />
            <line number="47" hits="1" branch="false" />
            <line number="50" hits="1" branch="false" />
            <line number="51" hits="1" branch="false" />
            <line number="52" hits="1" branch="false" />
            <line number="56" hits="1" branch="false" />
            <line number="57" hits="1" branch="false" />
            <line number="58" hits="1" branch="false" />
            <line number="59" hits="1" branch="false" />
            <line number="63" hits="1" branch="false" />
            <line number="64" hits="1" branch="false" />
            <line number="65" hits="1" branch="false" />
            <line number="68" hits="1" branch="false" />
            <line number="69" hits="1" branch="false" />
            <line number="70" hits="1" branch="false" />
            <line number="74" hits="1" branch="false" />
            <line number="75" hits="1" branch="false" />
            <line number="76" hits="1" branch="false" />
            <line number="77" hits="1" branch="false" />
          </lines>
        </class>
      </classes>
    </package>
  </packages>
</coverage>