<?xml version="1.0" encoding="utf-8"?>
<CoverageSession xmlns:xsd="http://www.w3.org/2001/XMLSchema" xmlns:xsi="http://www.w3.org/2001/XMLSchema-instance" Version="4.7.922.0">
  <Summary numSequencePoints="128" visitedSequencePoints="128" numBranchPoints="29" visitedBranchPoints="29" sequenceCoverage="100" branchCoverage="100" maxCyclomaticComplexity="8" minCyclomaticComplexity="1" maxCrapScore="8" minCrapScore="1" visitedClasses="3" numClasses="3" visitedMethods="9" numMethods="9" />
  <Modules>
    <Module hash="8A-EC-90-7D-8A-37-9F-53-29-71-45-2D-CE-34-CF-06-AE-45-5A-D8">
      <Summary numSequencePoints="37" visitedSequencePoints="37" numBranchPoints="4" visitedBranchPoints="4" sequenceCoverage="100" branchCoverage="100" maxCyclomaticComplexity="1" minCyclomaticComplexity="1" maxCrapScore="1" minCrapScore="1" visitedClasses="1" numClasses="1" visitedMethods="4" numMethods="4" />
      <ModulePath>C:\Users\Alex Castillo\source\repos\IntertecCounterChallenge\IntertecCounterChallenge.Test\bin\Debug\fine-code-coverage\build-output\IntertecCounterChallenge.Test.dll</ModulePath>
      <ModuleTime>2022-02-25T20:34:16.1304094Z</ModuleTime>
      <ModuleName>IntertecCounterChallenge.Test</ModuleName>
      <Files>
        <File uid="1" fullPath="C:\Users\Alex Castillo\source\repos\IntertecCounterChallenge\IntertecCounterChallenge.Test\SentenceParserTest.cs" />
      </Files>
      <Classes>
        <Class>
          <Summary numSequencePoints="37" visitedSequencePoints="37" numBranchPoints="4" visitedBranchPoints="4" sequenceCoverage="100" branchCoverage="100" maxCyclomaticComplexity="1" minCyclomaticComplexity="1" maxCrapScore="1" minCrapScore="1" visitedClasses="1" numClasses="1" visitedMethods="4" numMethods="4" />
          <FullName>IntertecCounterChallenge.Test.SentenceParserTest</FullName>
          <Methods>
            <Method visited="true" cyclomaticComplexity="1" nPathComplexity="0" sequenceCoverage="100" branchCoverage="100" crapScore="1" isConstructor="true" isStatic="false" isGetter="false" isSetter="false">
              <Summary numSequencePoints="4" visitedSequencePoints="4" numBranchPoints="1" visitedBranchPoints="1" sequenceCoverage="100" branchCoverage="100" maxCyclomaticComplexity="1" minCyclomaticComplexity="1" maxCrapScore="1" minCrapScore="1" visitedClasses="0" numClasses="0" visitedMethods="1" numMethods="1" />
              <MetadataToken>100663297</MetadataToken>
              <Name>System.Void IntertecCounterChallenge.Test.SentenceParserTest::.ctor()</Name>
              <FileRef uid="1" />
              <SequencePoints>
                <SequencePoint vc="3" uspid="1" ordinal="0" offset="0" sl="14" sc="9" el="14" ec="36" bec="0" bev="0" fileid="1" />
                <SequencePoint vc="3" uspid="2" ordinal="1" offset="7" sl="15" sc="9" el="15" ec="10" bec="0" bev="0" fileid="1" />
                <SequencePoint vc="3" uspid="3" ordinal="2" offset="8" sl="16" sc="13" el="16" ec="51" bec="0" bev="0" fileid="1" />
                <SequencePoint vc="3" uspid="4" ordinal="3" offset="19" sl="17" sc="9" el="17" ec="10" bec="0" bev="0" fileid="1" />
              </SequencePoints>
              <BranchPoints />
              <MethodPoint xsi:type="SequencePoint" vc="3" uspid="1" ordinal="0" offset="0" sl="14" sc="9" el="14" ec="36" bec="0" bev="0" fileid="1" />
            </Method>
            <Method visited="true" cyclomaticComplexity="1" nPathComplexity="0" sequenceCoverage="100" branchCoverage="100" crapScore="1" isConstructor="false" isStatic="false" isGetter="false" isSetter="false">
              <Summary numSequencePoints="13" visitedSequencePoints="13" numBranchPoints="1" visitedBranchPoints="1" sequenceCoverage="100" branchCoverage="100" maxCyclomaticComplexity="1" minCyclomaticComplexity="1" maxCrapScore="1" minCrapScore="1" visitedClasses="0" numClasses="0" visitedMethods="1" numMethods="1" />
              <MetadataToken>100663298</MetadataToken>
              <Name>System.Void IntertecCounterChallenge.Test.SentenceParserTest::ParseWordBySpecialCharacter_Test()</Name>
              <FileRef uid="1" />
              <SequencePoints>
                <SequencePoint vc="1" uspid="5" ordinal="0" offset="0" sl="21" sc="9" el="21" ec="10" bec="0" bev="0" fileid="1" />
                <SequencePoint vc="1" uspid="6" ordinal="1" offset="1" sl="22" sc="13" el="22" ec="46" bec="0" bev="0" fileid="1" />
                <SequencePoint vc="1" uspid="7" ordinal="2" offset="7" sl="23" sc="13" el="23" ec="42" bec="0" bev="0" fileid="1" />
                <SequencePoint vc="1" uspid="8" ordinal="3" offset="13" sl="27" sc="13" el="27" ec="33" bec="0" bev="0" fileid="1" />
                <SequencePoint vc="1" uspid="9" ordinal="4" offset="19" sl="28" sc="13" el="28" ec="77" bec="0" bev="0" fileid="1" />
                <SequencePoint vc="1" uspid="10" ordinal="5" offset="32" sl="29" sc="13" el="29" ec="46" bec="0" bev="0" fileid="1" />
                <SequencePoint vc="1" uspid="11" ordinal="6" offset="44" sl="32" sc="13" el="32" ec="39" bec="0" bev="0" fileid="1" />
                <SequencePoint vc="1" uspid="12" ordinal="7" offset="50" sl="33" sc="13" el="33" ec="77" bec="0" bev="0" fileid="1" />
                <SequencePoint vc="1" uspid="13" ordinal="8" offset="63" sl="34" sc="13" el="34" ec="48" bec="0" bev="0" fileid="1" />
                <SequencePoint vc="1" uspid="14" ordinal="9" offset="75" sl="38" sc="13" el="38" ec="52" bec="0" bev="0" fileid="1" />
                <SequencePoint vc="1" uspid="15" ordinal="10" offset="81" sl="39" sc="13" el="39" ec="77" bec="0" bev="0" fileid="1" />
                <SequencePoint vc="1" uspid="16" ordinal="11" offset="94" sl="40" sc="13" el="40" ec="56" bec="0" bev="0" fileid="1" />
                <SequencePoint vc="1" uspid="17" ordinal="12" offset="106" sl="41" sc="9" el="41" ec="10" bec="0" bev="0" fileid="1" />
              </SequencePoints>
              <BranchPoints />
              <MethodPoint xsi:type="SequencePoint" vc="1" uspid="5" ordinal="0" offset="0" sl="21" sc="9" el="21" ec="10" bec="0" bev="0" fileid="1" />
            </Method>
            <Method visited="true" cyclomaticComplexity="1" nPathComplexity="0" sequenceCoverage="100" branchCoverage="100" crapScore="1" isConstructor="false" isStatic="false" isGetter="false" isSetter="false">
              <Summary numSequencePoints="10" visitedSequencePoints="10" numBranchPoints="1" visitedBranchPoints="1" sequenceCoverage="100" branchCoverage="100" maxCyclomaticComplexity="1" minCyclomaticComplexity="1" maxCrapScore="1" minCrapScore="1" visitedClasses="0" numClasses="0" visitedMethods="1" numMethods="1" />
              <MetadataToken>100663299</MetadataToken>
              <Name>System.Void IntertecCounterChallenge.Test.SentenceParserTest::DistinctLetters_Test()</Name>
              <FileRef uid="1" />
              <SequencePoints>
                <SequencePoint vc="1" uspid="18" ordinal="0" offset="0" sl="45" sc="9" el="45" ec="10" bec="0" bev="0" fileid="1" />
                <SequencePoint vc="1" uspid="19" ordinal="1" offset="1" sl="46" sc="13" el="46" ec="47" bec="0" bev="0" fileid="1" />
                <SequencePoint vc="1" uspid="20" ordinal="2" offset="7" sl="47" sc="13" el="47" ec="42" bec="0" bev="0" fileid="1" />
                <SequencePoint vc="1" uspid="21" ordinal="3" offset="13" sl="50" sc="13" el="50" ec="34" bec="0" bev="0" fileid="1" />
                <SequencePoint vc="1" uspid="22" ordinal="4" offset="19" sl="51" sc="13" el="51" ec="80" bec="0" bev="0" fileid="1" />
                <SequencePoint vc="1" uspid="23" ordinal="5" offset="37" sl="52" sc="13" el="52" ec="42" bec="0" bev="0" fileid="1" />
                <SequencePoint vc="1" uspid="24" ordinal="6" offset="49" sl="56" sc="13" el="56" ec="30" bec="0" bev="0" fileid="1" />
                <SequencePoint vc="1" uspid="25" ordinal="7" offset="55" sl="57" sc="13" el="57" ec="80" bec="0" bev="0" fileid="1" />
                <SequencePoint vc="1" uspid="26" ordinal="8" offset="73" sl="58" sc="13" el="58" ec="42" bec="0" bev="0" fileid="1" />
                <SequencePoint vc="1" uspid="27" ordinal="9" offset="85" sl="59" sc="9" el="59" ec="10" bec="0" bev="0" fileid="1" />
              </SequencePoints>
              <BranchPoints />
              <MethodPoint xsi:type="SequencePoint" vc="1" uspid="18" ordinal="0" offset="0" sl="45" sc="9" el="45" ec="10" bec="0" bev="0" fileid="1" />
            </Method>
            <Method visited="true" cyclomaticComplexity="1" nPathComplexity="0" sequenceCoverage="100" branchCoverage="100" crapScore="1" isConstructor="false" isStatic="false" isGetter="false" isSetter="false">
              <Summary numSequencePoints="10" visitedSequencePoints="10" numBranchPoints="1" visitedBranchPoints="1" sequenceCoverage="100" branchCoverage="100" maxCyclomaticComplexity="1" minCyclomaticComplexity="1" maxCrapScore="1" minCrapScore="1" visitedClasses="0" numClasses="0" visitedMethods="1" numMethods="1" />
              <MetadataToken>100663300</MetadataToken>
              <Name>System.Void IntertecCounterChallenge.Test.SentenceParserTest::WordParser_Test()</Name>
              <FileRef uid="1" />
              <SequencePoints>
                <SequencePoint vc="1" uspid="28" ordinal="0" offset="0" sl="63" sc="9" el="63" ec="10" bec="0" bev="0" fileid="1" />
                <SequencePoint vc="1" uspid="29" ordinal="1" offset="1" sl="64" sc="13" el="64" ec="51" bec="0" bev="0" fileid="1" />
                <SequencePoint vc="1" uspid="30" ordinal="2" offset="7" sl="65" sc="13" el="65" ec="42" bec="0" bev="0" fileid="1" />
                <SequencePoint vc="1" uspid="31" ordinal="3" offset="13" sl="68" sc="13" el="68" ec="65" bec="0" bev="0" fileid="1" />
                <SequencePoint vc="1" uspid="32" ordinal="4" offset="19" sl="69" sc="13" el="69" ec="65" bec="0" bev="0" fileid="1" />
                <SequencePoint vc="1" uspid="33" ordinal="5" offset="32" sl="70" sc="13" el="70" ec="70" bec="0" bev="0" fileid="1" />
                <SequencePoint vc="1" uspid="34" ordinal="6" offset="44" sl="74" sc="13" el="74" ec="65" bec="0" bev="0" fileid="1" />
                <SequencePoint vc="1" uspid="35" ordinal="7" offset="50" sl="75" sc="13" el="75" ec="65" bec="0" bev="0" fileid="1" />
                <SequencePoint vc="1" uspid="36" ordinal="8" offset="63" sl="76" sc="13" el="76" ec="52" bec="0" bev="0" fileid="1" />
                <SequencePoint vc="1" uspid="37" ordinal="9" offset="75" sl="77" sc="9" el="77" ec="10" bec="0" bev="0" fileid="1" />
              </SequencePoints>
              <BranchPoints />
              <MethodPoint xsi:type="SequencePoint" vc="1" uspid="28" ordinal="0" offset="0" sl="63" sc="9" el="63" ec="10" bec="0" bev="0" fileid="1" />
            </Method>
          </Methods>
        </Class>
      </Classes>
    </Module>
    <Module hash="91-0E-BB-E2-8D-82-8B-49-BB-FC-BC-7B-DD-11-C9-B8-80-9C-19-55">
      <Summary numSequencePoints="91" visitedSequencePoints="91" numBranchPoints="25" visitedBranchPoints="25" sequenceCoverage="100" branchCoverage="100" maxCyclomaticComplexity="8" minCyclomaticComplexity="1" maxCrapScore="8" minCrapScore="1" visitedClasses="2" numClasses="2" visitedMethods="5" numMethods="5" />
      <ModulePath>C:\Users\Alex Castillo\source\repos\IntertecCounterChallenge\IntertecCounterChallenge.Test\bin\Debug\fine-code-coverage\build-output\IntertecCounterChallenge.exe</ModulePath>
      <ModuleTime>2022-02-25T20:34:15.9239589Z</ModuleTime>
      <ModuleName>IntertecCounterChallenge</ModuleName>
      <Files>
        <File uid="3" fullPath="C:\Users\Alex Castillo\source\repos\IntertecCounterChallenge\IntertecCounterChallenge\Model\SentenceParser.cs" />
      </Files>
      <Classes>
        <Class>
          <Summary numSequencePoints="90" visitedSequencePoints="90" numBranchPoints="24" visitedBranchPoints="24" sequenceCoverage="100" branchCoverage="100" maxCyclomaticComplexity="8" minCyclomaticComplexity="1" maxCrapScore="8" minCrapScore="1" visitedClasses="1" numClasses="1" visitedMethods="4" numMethods="4" />
          <FullName>IntertecCounterChallenge.Model.SentenceParser</FullName>
          <Methods>
            <Method visited="true" cyclomaticComplexity="1" nPathComplexity="0" sequenceCoverage="100" branchCoverage="100" crapScore="1" isConstructor="true" isStatic="false" isGetter="false" isSetter="false">
              <Summary numSequencePoints="4" visitedSequencePoints="4" numBranchPoints="1" visitedBranchPoints="1" sequenceCoverage="100" branchCoverage="100" maxCyclomaticComplexity="1" minCyclomaticComplexity="1" maxCrapScore="1" minCrapScore="1" visitedClasses="0" numClasses="0" visitedMethods="1" numMethods="1" />
              <MetadataToken>100663299</MetadataToken>
              <Name>System.Void IntertecCounterChallenge.Model.SentenceParser::.ctor()</Name>
              <FileRef uid="3" />
              <SequencePoints>
                <SequencePoint vc="3" uspid="38" ordinal="0" offset="0" sl="17" sc="9" el="17" ec="32" bec="0" bev="0" fileid="3" />
                <SequencePoint vc="3" uspid="39" ordinal="1" offset="7" sl="18" sc="9" el="18" ec="10" bec="0" bev="0" fileid="3" />
                <SequencePoint vc="3" uspid="40" ordinal="2" offset="8" sl="19" sc="13" el="19" ec="83" bec="0" bev="0" fileid="3" />
                <SequencePoint vc="3" uspid="41" ordinal="3" offset="24" sl="20" sc="9" el="20" ec="10" bec="0" bev="0" fileid="3" />
              </SequencePoints>
              <BranchPoints />
              <MethodPoint xsi:type="SequencePoint" vc="3" uspid="38" ordinal="0" offset="0" sl="17" sc="9" el="17" ec="32" bec="0" bev="0" fileid="3" />
            </Method>
            <Method visited="true" cyclomaticComplexity="5" nPathComplexity="8" sequenceCoverage="100" branchCoverage="100" crapScore="5" isConstructor="false" isStatic="false" isGetter="false" isSetter="false">
              <Summary numSequencePoints="25" visitedSequencePoints="25" numBranchPoints="7" visitedBranchPoints="7" sequenceCoverage="100" branchCoverage="100" maxCyclomaticComplexity="5" minCyclomaticComplexity="5" maxCrapScore="5" minCrapScore="5" visitedClasses="0" numClasses="0" visitedMethods="1" numMethods="1" />
              <MetadataToken>100663300</MetadataToken>
              <Name>System.String IntertecCounterChallenge.Model.SentenceParser::WordParser(System.String)</Name>
              <FileRef uid="3" />
              <SequencePoints>
                <SequencePoint vc="2" uspid="42" ordinal="0" offset="0" sl="28" sc="9" el="28" ec="10" bec="0" bev="0" fileid="3" />
                <SequencePoint vc="2" uspid="43" ordinal="1" offset="1" sl="30" sc="13" el="30" ec="77" bec="0" bev="0" fileid="3" />
                <SequencePoint vc="2" uspid="44" ordinal="2" offset="19" sl="31" sc="13" el="31" ec="64" bec="0" bev="0" fileid="3" />
                <SequencePoint vc="2" uspid="45" ordinal="3" offset="25" sl="32" sc="13" el="32" ec="46" bec="0" bev="0" fileid="3" />
                <SequencePoint vc="2" uspid="46" ordinal="4" offset="31" sl="36" sc="13" el="36" ec="20" bec="0" bev="0" fileid="3" />
                <SequencePoint vc="2" uspid="47" ordinal="5" offset="32" sl="36" sc="37" el="36" ec="46" bec="0" bev="0" fileid="3" />
                <SequencePoint vc="9" uspid="48" ordinal="6" offset="43" sl="36" sc="22" el="36" ec="33" bec="0" bev="0" fileid="3" />
                <SequencePoint vc="9" uspid="49" ordinal="7" offset="50" sl="37" sc="13" el="37" ec="14" bec="0" bev="0" fileid="3" />
                <SequencePoint vc="9" uspid="50" ordinal="8" offset="51" sl="38" sc="17" el="38" ec="58" bec="4" bev="4" fileid="3" />
                <SequencePoint vc="1" uspid="51" ordinal="9" offset="80" sl="39" sc="17" el="39" ec="18" bec="0" bev="0" fileid="3" />
                <SequencePoint vc="1" uspid="52" ordinal="10" offset="81" sl="41" sc="21" el="41" ec="39" bec="0" bev="0" fileid="3" />
                <SequencePoint vc="1" uspid="53" ordinal="11" offset="84" sl="42" sc="17" el="42" ec="18" bec="0" bev="0" fileid="3" />
                <SequencePoint vc="8" uspid="54" ordinal="12" offset="87" sl="43" sc="22" el="43" ec="63" bec="2" bev="2" fileid="3" />
                <SequencePoint vc="1" uspid="55" ordinal="13" offset="106" sl="44" sc="17" el="44" ec="18" bec="0" bev="0" fileid="3" />
                <SequencePoint vc="1" uspid="56" ordinal="14" offset="107" sl="46" sc="21" el="46" ec="68" bec="0" bev="0" fileid="3" />
                <SequencePoint vc="1" uspid="57" ordinal="15" offset="116" sl="47" sc="17" el="47" ec="18" bec="0" bev="0" fileid="3" />
                <SequencePoint vc="7" uspid="58" ordinal="16" offset="119" sl="49" sc="17" el="49" ec="18" bec="0" bev="0" fileid="3" />
                <SequencePoint vc="7" uspid="59" ordinal="17" offset="120" sl="51" sc="21" el="51" ec="76" bec="0" bev="0" fileid="3" />
                <SequencePoint vc="7" uspid="60" ordinal="18" offset="148" sl="52" sc="21" el="52" ec="117" bec="0" bev="0" fileid="3" />
                <SequencePoint vc="7" uspid="61" ordinal="19" offset="199" sl="53" sc="17" el="53" ec="18" bec="0" bev="0" fileid="3" />
                <SequencePoint vc="9" uspid="62" ordinal="20" offset="200" sl="55" sc="17" el="55" ec="71" bec="0" bev="0" fileid="3" />
                <SequencePoint vc="9" uspid="63" ordinal="21" offset="218" sl="56" sc="13" el="56" ec="14" bec="0" bev="0" fileid="3" />
                <SequencePoint vc="11" uspid="64" ordinal="22" offset="225" sl="36" sc="34" el="36" ec="36" bec="0" bev="0" fileid="3" />
                <SequencePoint vc="2" uspid="65" ordinal="23" offset="236" sl="59" sc="13" el="59" ec="53" bec="0" bev="0" fileid="3" />
                <SequencePoint vc="2" uspid="66" ordinal="24" offset="251" sl="60" sc="9" el="60" ec="10" bec="0" bev="0" fileid="3" />
              </SequencePoints>
              <BranchPoints>
                <BranchPoint vc="8" uspid="67" ordinal="0" offset="59" sl="38" path="0" offsetend="61" fileid="3" />
                <BranchPoint vc="1" uspid="68" ordinal="1" offset="59" sl="38" path="1" offsetend="73" fileid="3" />
                <BranchPoint vc="1" uspid="69" ordinal="2" offset="78" sl="38" path="0" offsetend="80" fileid="3" />
                <BranchPoint vc="8" uspid="70" ordinal="3" offset="78" sl="38" path="1" offsetend="87" fileid="3" />
                <BranchPoint vc="1" uspid="71" ordinal="4" offset="104" sl="43" path="0" offsetend="106" fileid="3" />
                <BranchPoint vc="7" uspid="72" ordinal="5" offset="104" sl="43" path="1" offsetend="119" fileid="3" />
              </BranchPoints>
              <MethodPoint xsi:type="SequencePoint" vc="2" uspid="42" ordinal="0" offset="0" sl="28" sc="9" el="28" ec="10" bec="0" bev="0" fileid="3" />
            </Method>
            <Method visited="true" cyclomaticComplexity="8" nPathComplexity="64" sequenceCoverage="100" branchCoverage="100" crapScore="8" isConstructor="false" isStatic="false" isGetter="false" isSetter="false">
              <Summary numSequencePoints="43" visitedSequencePoints="43" numBranchPoints="13" visitedBranchPoints="13" sequenceCoverage="100" branchCoverage="100" maxCyclomaticComplexity="8" minCyclomaticComplexity="8" maxCrapScore="8" minCrapScore="8" visitedClasses="0" numClasses="0" visitedMethods="1" numMethods="1" />
              <MetadataToken>100663301</MetadataToken>
              <Name>System.String IntertecCounterChallenge.Model.SentenceParser::ParseWordBySpecialCharacter(System.String)</Name>
              <FileRef uid="3" />
              <SequencePoints>
                <SequencePoint vc="7" uspid="75" ordinal="0" offset="0" sl="68" sc="9" el="68" ec="10" bec="0" bev="0" fileid="3" />
                <SequencePoint vc="7" uspid="76" ordinal="1" offset="1" sl="70" sc="13" el="70" ec="51" bec="0" bev="0" fileid="3" />
                <SequencePoint vc="7" uspid="77" ordinal="2" offset="3" sl="71" sc="13" el="71" ec="42" bec="0" bev="0" fileid="3" />
                <SequencePoint vc="7" uspid="78" ordinal="3" offset="9" sl="72" sc="13" el="72" ec="48" bec="0" bev="0" fileid="3" />
                <SequencePoint vc="7" uspid="79" ordinal="4" offset="11" sl="73" sc="13" el="73" ec="25" bec="0" bev="0" fileid="3" />
                <SequencePoint vc="7" uspid="80" ordinal="5" offset="13" sl="76" sc="13" el="76" ec="33" bec="0" bev="0" fileid="3" />
                <SequencePoint vc="50" uspid="81" ordinal="6" offset="18" sl="80" sc="13" el="80" ec="14" bec="0" bev="0" fileid="3" />
                <SequencePoint vc="50" uspid="82" ordinal="7" offset="19" sl="81" sc="17" el="81" ec="74" bec="2" bev="2" fileid="3" />
                <SequencePoint vc="7" uspid="83" ordinal="8" offset="52" sl="82" sc="17" el="82" ec="18" bec="0" bev="0" fileid="3" />
                <SequencePoint vc="7" uspid="84" ordinal="9" offset="53" sl="84" sc="21" el="84" ec="50" bec="0" bev="0" fileid="3" />
                <SequencePoint vc="7" uspid="85" ordinal="10" offset="55" sl="85" sc="21" el="85" ec="50" bec="0" bev="0" fileid="3" />
                <SequencePoint vc="7" uspid="86" ordinal="11" offset="63" sl="86" sc="17" el="86" ec="18" bec="0" bev="0" fileid="3" />
                <SequencePoint vc="50" uspid="87" ordinal="12" offset="64" sl="87" sc="17" el="87" ec="23" bec="0" bev="0" fileid="3" />
                <SequencePoint vc="50" uspid="88" ordinal="13" offset="68" sl="88" sc="13" el="88" ec="14" bec="0" bev="0" fileid="3" />
                <SequencePoint vc="57" uspid="89" ordinal="14" offset="69" sl="79" sc="13" el="79" ec="43" bec="2" bev="2" fileid="3" />
                <SequencePoint vc="7" uspid="90" ordinal="15" offset="79" sl="90" sc="13" el="90" ec="68" bec="0" bev="0" fileid="3" />
                <SequencePoint vc="7" uspid="91" ordinal="16" offset="98" sl="92" sc="13" el="92" ec="20" bec="0" bev="0" fileid="3" />
                <SequencePoint vc="7" uspid="92" ordinal="17" offset="99" sl="92" sc="40" el="92" ec="45" bec="0" bev="0" fileid="3" />
                <SequencePoint vc="14" uspid="93" ordinal="18" offset="111" sl="92" sc="22" el="92" ec="36" bec="0" bev="0" fileid="3" />
                <SequencePoint vc="14" uspid="94" ordinal="19" offset="118" sl="93" sc="13" el="93" ec="14" bec="0" bev="0" fileid="3" />
                <SequencePoint vc="14" uspid="95" ordinal="20" offset="119" sl="94" sc="17" el="94" ec="61" bec="2" bev="2" fileid="3" />
                <SequencePoint vc="3" uspid="96" ordinal="21" offset="138" sl="95" sc="17" el="95" ec="18" bec="0" bev="0" fileid="3" />
                <SequencePoint vc="3" uspid="97" ordinal="22" offset="139" sl="97" sc="21" el="97" ec="68" bec="0" bev="0" fileid="3" />
                <SequencePoint vc="3" uspid="98" ordinal="23" offset="154" sl="98" sc="17" el="98" ec="18" bec="0" bev="0" fileid="3" />
                <SequencePoint vc="11" uspid="99" ordinal="24" offset="160" sl="100" sc="17" el="100" ec="18" bec="0" bev="0" fileid="3" />
                <SequencePoint vc="11" uspid="100" ordinal="25" offset="161" sl="101" sc="21" el="101" ec="68" bec="4" bev="4" fileid="3" />
                <SequencePoint vc="1" uspid="101" ordinal="26" offset="190" sl="102" sc="21" el="102" ec="22" bec="0" bev="0" fileid="3" />
                <SequencePoint vc="1" uspid="102" ordinal="27" offset="191" sl="104" sc="25" el="104" ec="43" bec="0" bev="0" fileid="3" />
                <SequencePoint vc="1" uspid="103" ordinal="28" offset="200" sl="105" sc="21" el="105" ec="22" bec="0" bev="0" fileid="3" />
                <SequencePoint vc="10" uspid="104" ordinal="29" offset="203" sl="107" sc="21" el="107" ec="22" bec="0" bev="0" fileid="3" />
                <SequencePoint vc="10" uspid="105" ordinal="30" offset="204" sl="109" sc="25" el="109" ec="86" bec="0" bev="0" fileid="3" />
                <SequencePoint vc="10" uspid="106" ordinal="31" offset="233" sl="110" sc="25" el="110" ec="127" bec="0" bev="0" fileid="3" />
                <SequencePoint vc="10" uspid="107" ordinal="32" offset="291" sl="111" sc="21" el="111" ec="22" bec="0" bev="0" fileid="3" />
                <SequencePoint vc="11" uspid="108" ordinal="33" offset="292" sl="112" sc="17" el="112" ec="18" bec="0" bev="0" fileid="3" />
                <SequencePoint vc="14" uspid="109" ordinal="34" offset="293" sl="114" sc="17" el="114" ec="29" bec="2" bev="2" fileid="3" />
                <SequencePoint vc="7" uspid="110" ordinal="35" offset="301" sl="115" sc="17" el="115" ec="18" bec="0" bev="0" fileid="3" />
                <SequencePoint vc="7" uspid="111" ordinal="36" offset="302" sl="116" sc="21" el="116" ec="59" bec="0" bev="0" fileid="3" />
                <SequencePoint vc="7" uspid="112" ordinal="37" offset="316" sl="117" sc="21" el="117" ec="37" bec="0" bev="0" fileid="3" />
                <SequencePoint vc="7" uspid="113" ordinal="38" offset="319" sl="118" sc="17" el="118" ec="18" bec="0" bev="0" fileid="3" />
                <SequencePoint vc="14" uspid="114" ordinal="39" offset="320" sl="119" sc="13" el="119" ec="14" bec="0" bev="0" fileid="3" />
                <SequencePoint vc="21" uspid="115" ordinal="40" offset="327" sl="92" sc="37" el="92" ec="39" bec="0" bev="0" fileid="3" />
                <SequencePoint vc="7" uspid="116" ordinal="41" offset="338" sl="121" sc="13" el="121" ec="27" bec="0" bev="0" fileid="3" />
                <SequencePoint vc="7" uspid="117" ordinal="42" offset="343" sl="122" sc="9" el="122" ec="10" bec="0" bev="0" fileid="3" />
              </SequencePoints>
              <BranchPoints>
                <BranchPoint vc="7" uspid="118" ordinal="0" offset="50" sl="81" path="0" offsetend="52" fileid="3" />
                <BranchPoint vc="43" uspid="119" ordinal="1" offset="50" sl="81" path="1" offsetend="64" fileid="3" />
                <BranchPoint vc="7" uspid="120" ordinal="2" offset="77" sl="79" path="0" offsetend="79" fileid="3" />
                <BranchPoint vc="50" uspid="121" ordinal="3" offset="77" sl="79" path="1" offsetend="18" fileid="3" />
                <BranchPoint vc="3" uspid="122" ordinal="4" offset="136" sl="94" path="0" offsetend="138" fileid="3" />
                <BranchPoint vc="11" uspid="123" ordinal="5" offset="136" sl="94" path="1" offsetend="160" fileid="3" />
                <BranchPoint vc="10" uspid="124" ordinal="6" offset="169" sl="101" path="0" offsetend="171" fileid="3" />
                <BranchPoint vc="1" uspid="125" ordinal="7" offset="169" sl="101" path="1" offsetend="183" fileid="3" />
                <BranchPoint vc="1" uspid="126" ordinal="8" offset="188" sl="101" path="0" offsetend="190" fileid="3" />
                <BranchPoint vc="10" uspid="127" ordinal="9" offset="188" sl="101" path="1" offsetend="203" fileid="3" />
                <BranchPoint vc="7" uspid="128" ordinal="10" offset="299" sl="114" path="0" offsetend="301" fileid="3" />
                <BranchPoint vc="7" uspid="129" ordinal="11" offset="299" sl="114" path="1" offsetend="320" fileid="3" />
              </BranchPoints>
              <MethodPoint xsi:type="SequencePoint" vc="7" uspid="75" ordinal="0" offset="0" sl="68" sc="9" el="68" ec="10" bec="0" bev="0" fileid="3" />
            </Method>
            <Method visited="true" cyclomaticComplexity="3" nPathComplexity="2" sequenceCoverage="100" branchCoverage="100" crapScore="3" isConstructor="false" isStatic="false" isGetter="false" isSetter="false">
              <Summary numSequencePoints="18" visitedSequencePoints="18" numBranchPoints="3" visitedBranchPoints="3" sequenceCoverage="100" branchCoverage="100" maxCyclomaticComplexity="3" minCyclomaticComplexity="3" maxCrapScore="3" minCrapScore="3" visitedClasses="0" numClasses="0" visitedMethods="1" numMethods="1" />
              <MetadataToken>100663302</MetadataToken>
              <Name>System.String IntertecCounterChallenge.Model.SentenceParser::DistinctLetters(System.Char[])</Name>
              <FileRef uid="3" />
              <SequencePoints>
                <SequencePoint vc="19" uspid="132" ordinal="0" offset="0" sl="130" sc="9" el="130" ec="10" bec="0" bev="0" fileid="3" />
                <SequencePoint vc="19" uspid="133" ordinal="1" offset="1" sl="132" sc="13" el="132" ec="42" bec="0" bev="0" fileid="3" />
                <SequencePoint vc="19" uspid="134" ordinal="2" offset="7" sl="133" sc="13" el="133" ec="30" bec="0" bev="0" fileid="3" />
                <SequencePoint vc="19" uspid="135" ordinal="3" offset="9" sl="134" sc="13" el="134" ec="54" bec="0" bev="0" fileid="3" />
                <SequencePoint vc="19" uspid="136" ordinal="4" offset="15" sl="137" sc="13" el="137" ec="20" bec="0" bev="0" fileid="3" />
                <SequencePoint vc="19" uspid="137" ordinal="5" offset="16" sl="137" sc="37" el="137" ec="44" bec="0" bev="0" fileid="3" />
                <SequencePoint vc="53" uspid="138" ordinal="6" offset="30" sl="137" sc="22" el="137" ec="33" bec="0" bev="0" fileid="3" />
                <SequencePoint vc="53" uspid="139" ordinal="7" offset="41" sl="138" sc="13" el="138" ec="14" bec="0" bev="0" fileid="3" />
                <SequencePoint vc="53" uspid="140" ordinal="8" offset="42" sl="140" sc="17" el="140" ec="66" bec="2" bev="2" fileid="3" />
                <SequencePoint vc="46" uspid="141" ordinal="9" offset="70" sl="141" sc="17" el="141" ec="18" bec="0" bev="0" fileid="3" />
                <SequencePoint vc="46" uspid="142" ordinal="10" offset="71" sl="143" sc="21" el="143" ec="44" bec="0" bev="0" fileid="3" />
                <SequencePoint vc="46" uspid="143" ordinal="11" offset="85" sl="144" sc="21" el="144" ec="32" bec="0" bev="0" fileid="3" />
                <SequencePoint vc="46" uspid="144" ordinal="12" offset="89" sl="145" sc="17" el="145" ec="18" bec="0" bev="0" fileid="3" />
                <SequencePoint vc="53" uspid="145" ordinal="13" offset="90" sl="146" sc="13" el="146" ec="14" bec="0" bev="0" fileid="3" />
                <SequencePoint vc="72" uspid="146" ordinal="14" offset="97" sl="137" sc="34" el="137" ec="36" bec="0" bev="0" fileid="3" />
                <SequencePoint vc="19" uspid="147" ordinal="15" offset="104" sl="149" sc="13" el="149" ec="42" bec="0" bev="0" fileid="3" />
                <SequencePoint vc="19" uspid="148" ordinal="16" offset="112" sl="152" sc="13" el="152" ec="27" bec="0" bev="0" fileid="3" />
                <SequencePoint vc="19" uspid="149" ordinal="17" offset="117" sl="153" sc="9" el="153" ec="10" bec="0" bev="0" fileid="3" />
              </SequencePoints>
              <BranchPoints>
                <BranchPoint vc="46" uspid="150" ordinal="0" offset="68" sl="140" path="0" offsetend="70" fileid="3" />
                <BranchPoint vc="7" uspid="151" ordinal="1" offset="68" sl="140" path="1" offsetend="90" fileid="3" />
              </BranchPoints>
              <MethodPoint xsi:type="SequencePoint" vc="19" uspid="132" ordinal="0" offset="0" sl="130" sc="9" el="130" ec="10" bec="0" bev="0" fileid="3" />
            </Method>
          </Methods>
        </Class>
        <Class>
          <Summary numSequencePoints="1" visitedSequencePoints="1" numBranchPoints="1" visitedBranchPoints="1" sequenceCoverage="100" branchCoverage="100" maxCyclomaticComplexity="1" minCyclomaticComplexity="1" maxCrapScore="2" minCrapScore="1" visitedClasses="1" numClasses="1" visitedMethods="1" numMethods="1" />
          <FullName>IntertecCounterChallenge.Model.SentenceParser/&lt;&gt;c__DisplayClass4_0</FullName>
          <Methods>
            <Method visited="false" cyclomaticComplexity="1" nPathComplexity="0" sequenceCoverage="0" branchCoverage="0" crapScore="2" isConstructor="true" isStatic="false" isGetter="false" isSetter="false">
              <Summary numSequencePoints="0" visitedSequencePoints="0" numBranchPoints="0" visitedBranchPoints="0" sequenceCoverage="0" branchCoverage="0" maxCyclomaticComplexity="1" minCyclomaticComplexity="1" maxCrapScore="2" minCrapScore="2" visitedClasses="0" numClasses="0" visitedMethods="0" numMethods="0" />
              <MetadataToken>100663304</MetadataToken>
              <Name>System.Void IntertecCounterChallenge.Model.SentenceParser/&lt;&gt;c__DisplayClass4_0::.ctor()</Name>
              <SequencePoints />
              <BranchPoints />
              <MethodPoint vc="0" uspid="154" ordinal="0" offset="0" />
            </Method>
            <Method visited="true" cyclomaticComplexity="1" nPathComplexity="0" sequenceCoverage="100" branchCoverage="100" crapScore="1" isConstructor="false" isStatic="false" isGetter="false" isSetter="false">
              <Summary numSequencePoints="1" visitedSequencePoints="1" numBranchPoints="1" visitedBranchPoints="1" sequenceCoverage="100" branchCoverage="100" maxCyclomaticComplexity="1" minCyclomaticComplexity="1" maxCrapScore="1" minCrapScore="1" visitedClasses="0" numClasses="0" visitedMethods="1" numMethods="1" />
              <MetadataToken>100663305</MetadataToken>
              <Name>System.Boolean IntertecCounterChallenge.Model.SentenceParser/&lt;&gt;c__DisplayClass4_0::&lt;DistinctLetters&gt;b__0(System.Char)</Name>
              <FileRef uid="3" />
              <SequencePoints>
                <SequencePoint vc="93" uspid="155" ordinal="0" offset="0" sl="140" sc="47" el="140" ec="58" bec="0" bev="0" fileid="3" />
              </SequencePoints>
              <BranchPoints />
              <MethodPoint xsi:type="SequencePoint" vc="93" uspid="155" ordinal="0" offset="0" sl="140" sc="47" el="140" ec="58" bec="0" bev="0" fileid="3" />
            </Method>
          </Methods>
        </Class>
        <Class>
          <Summary numSequencePoints="0" visitedSequencePoints="0" numBranchPoints="0" visitedBranchPoints="0" sequenceCoverage="0" branchCoverage="0" maxCyclomaticComplexity="1" minCyclomaticComplexity="1" maxCrapScore="2" minCrapScore="2" visitedClasses="0" numClasses="0" visitedMethods="0" numMethods="0" />
          <FullName>IntertecCounterChallenge.Constants.ConstantsValues</FullName>
          <Methods>
            <Method visited="false" cyclomaticComplexity="1" nPathComplexity="0" sequenceCoverage="0" branchCoverage="0" crapScore="2" isConstructor="true" isStatic="false" isGetter="false" isSetter="false">
              <Summary numSequencePoints="0" visitedSequencePoints="0" numBranchPoints="0" visitedBranchPoints="0" sequenceCoverage="0" branchCoverage="0" maxCyclomaticComplexity="1" minCyclomaticComplexity="1" maxCrapScore="2" minCrapScore="2" visitedClasses="0" numClasses="0" visitedMethods="0" numMethods="0" />
              <MetadataToken>100663303</MetadataToken>
              <Name>System.Void IntertecCounterChallenge.Constants.ConstantsValues::.ctor()</Name>
              <SequencePoints />
              <BranchPoints />
              <MethodPoint vc="0" uspid="156" ordinal="0" offset="0" />
            </Method>
          </Methods>
        </Class>
      </Classes>
    </Module>
  </Modules>
</CoverageSession>